<?xml version="1.0" encoding="UTF-8"?>
<testsuite name="com.forge.capabilities.traceability.LocalTraceabilityAnalysisTest" tests="2" skipped="0" failures="0" errors="0" timestamp="2026-08-16T01:52:21.693Z" hostname="LAPTOP-84FJEUOV" time="0.009">
  <properties/>
  <testcase name="shouldReturnNoRelationsWhenThereAreNoTestCases()" classname="com.forge.capabilities.traceability.LocalTraceabilityAnalysisTest" time="0.004"/>
  <testcase name="shouldCreateCoverageRelationBetweenRequirementAndTestCase()" classname="com.forge.capabilities.traceability.LocalTraceabilityAnalysisTest" time="0.004"/>
  <system-out><![CDATA[]]></system-out>
  <system-err><![CDATA[]]></system-err>
</testsuite>
