<?xml version="1.0" encoding="UTF-8"?>
<testsuite name="com.forge.orchestration.WorkflowOrchestratorTest" tests="1" skipped="0" failures="0" errors="0" timestamp="2026-08-16T09:06:00.042Z" hostname="LAPTOP-84FJEUOV" time="0.011">
  <properties/>
  <testcase name="shouldProcessEvidenceRequirementsClarificationTraceabilityCoverageAndImprovement()" classname="com.forge.orchestration.WorkflowOrchestratorTest" time="0.01"/>
  <system-out><![CDATA[]]></system-out>
  <system-err><![CDATA[]]></system-err>
</testsuite>
