<?xml version="1.0" encoding="UTF-8"?>
<testsuite name="com.forge.capabilities.requirements.LocalRequirementsDiscoveryTest" tests="1" skipped="0" failures="0" errors="0" timestamp="2026-08-16T11:32:09.592Z" hostname="LAPTOP-84FJEUOV" time="0.004">
  <properties/>
  <testcase name="shouldCreateUniqueRequirementsFromDistinctEvidenceReferences()" classname="com.forge.capabilities.requirements.LocalRequirementsDiscoveryTest" time="0.003"/>
  <system-out><![CDATA[]]></system-out>
  <system-err><![CDATA[]]></system-err>
</testsuite>
