<?xml version="1.0" encoding="UTF-8"?>
<testsuite name="com.forge.capabilities.traceability.LocalTraceabilityAnalysisTest" tests="2" skipped="0" failures="0" errors="0" timestamp="2026-08-16T02:24:46.775Z" hostname="LAPTOP-84FJEUOV" time="0.008">
  <properties/>
  <testcase name="shouldReturnNoRelationsWhenThereAreNoTestCases()" classname="com.forge.capabilities.traceability.LocalTraceabilityAnalysisTest" time="0.003"/>
  <testcase name="shouldCreateCoverageRelationBetweenRequirementAndTestCase()" classname="com.forge.capabilities.traceability.LocalTraceabilityAnalysisTest" time="0.003"/>
  <system-out><![CDATA[]]></system-out>
  <system-err><![CDATA[]]></system-err>
</testsuite>
